<?xml version="1.0" encoding="UTF-8"?>
<!-- Generated by org.testng.reporters.JUnitReportReporter -->
<testsuite skipped="0" hostname="Khas-MBP" name="SumValidation" tests="1" failures="0" timestamp="2021-03-10T10:57:43 EST" time="1.197" errors="0">
  <testcase name="SumOfCourse" time="1.197" classname="SumValidation"/>
  <system-out/>
</testsuite> <!-- SumValidation -->
